<?xml version="1.0" encoding="UTF-8"?>
<testng-results ignored="0" total="1" passed="1" failed="0" skipped="0">
  <reporter-output>
  </reporter-output>
  <suite started-at="2024-09-18T08:23:28Z" name="Default suite" finished-at="2024-09-18T08:23:36Z" duration-ms="8519">
    <groups>
    </groups>
    <test started-at="2024-09-18T08:23:28Z" name="Default test" finished-at="2024-09-18T08:23:36Z" duration-ms="8519">
      <class name="practice.Createroject">
        <test-method signature="practice()[pri:0, instance:practice.Createroject@4007f65e]" started-at="2024-09-18T08:23:28Z" name="practice" finished-at="2024-09-18T08:23:36Z" duration-ms="8491" status="PASS">
          <reporter-output>
          </reporter-output>
        </test-method> <!-- practice -->
      </class> <!-- practice.Createroject -->
    </test> <!-- Default test -->
  </suite> <!-- Default suite -->
</testng-results>
